ERROR - 2022-01-28 17:00:54 --> Error connecting to the database: No connection could be made because the target machine actively refused it
CRITICAL - 2022-01-28 17:00:54 --> Unable to connect to the database.
Main connection [MySQLi]: No connection could be made because the target machine actively refused it
#0 C:\xampp\htdocs\kp_adit\system\Database\BaseConnection.php(577): CodeIgniter\Database\BaseConnection->initialize()
#1 C:\xampp\htdocs\kp_adit\system\Database\BaseBuilder.php(1443): CodeIgniter\Database\BaseConnection->query('SELECT *\nFROM `...', Array, false)
#2 C:\xampp\htdocs\kp_adit\app\Models\modkmasuk.php(26): CodeIgniter\Database\BaseBuilder->get()
#3 C:\xampp\htdocs\kp_adit\app\Controllers\conkayumasuk.php(44): App\Models\modkmasuk->tampildump()
#4 C:\xampp\htdocs\kp_adit\system\CodeIgniter.php(824): App\Controllers\conkayumasuk->viewdraft()
#5 C:\xampp\htdocs\kp_adit\system\CodeIgniter.php(410): CodeIgniter\CodeIgniter->runController(Object(App\Controllers\conkayumasuk))
#6 C:\xampp\htdocs\kp_adit\system\CodeIgniter.php(318): CodeIgniter\CodeIgniter->handleRequest(NULL, Object(Config\Cache), false)
#7 C:\xampp\htdocs\kp_adit\public\index.php(37): CodeIgniter\CodeIgniter->run()
#8 C:\xampp\htdocs\kp_adit\system\Commands\Server\rewrite.php(43): require_once('C:\\xampp\\htdocs...')
#9 {main}
ERROR - 2022-01-28 17:03:23 --> Error connecting to the database: No connection could be made because the target machine actively refused it
CRITICAL - 2022-01-28 17:03:23 --> Unable to connect to the database.
Main connection [MySQLi]: No connection could be made because the target machine actively refused it
#0 C:\xampp\htdocs\kp_adit\system\Database\BaseConnection.php(577): CodeIgniter\Database\BaseConnection->initialize()
#1 C:\xampp\htdocs\kp_adit\system\Database\BaseBuilder.php(1527): CodeIgniter\Database\BaseConnection->query('SELECT COUNT(*)...', Array, false)
#2 C:\xampp\htdocs\kp_adit\app\Models\modlogin.php(16): CodeIgniter\Database\BaseBuilder->countAllResults()
#3 C:\xampp\htdocs\kp_adit\app\Controllers\conlogin.php(42): App\Models\modlogin->ceklogin(Array, Array)
#4 C:\xampp\htdocs\kp_adit\system\CodeIgniter.php(824): App\Controllers\conlogin->ceklogin()
#5 C:\xampp\htdocs\kp_adit\system\CodeIgniter.php(410): CodeIgniter\CodeIgniter->runController(Object(App\Controllers\conlogin))
#6 C:\xampp\htdocs\kp_adit\system\CodeIgniter.php(318): CodeIgniter\CodeIgniter->handleRequest(NULL, Object(Config\Cache), false)
#7 C:\xampp\htdocs\kp_adit\public\index.php(37): CodeIgniter\CodeIgniter->run()
#8 C:\xampp\htdocs\kp_adit\system\Commands\Server\rewrite.php(43): require_once('C:\\xampp\\htdocs...')
#9 {main}
CRITICAL - 2022-01-28 17:53:59 --> Undefined property: App\Controllers\conlaporan::$modelbarang
#0 C:\xampp\htdocs\kp_adit\app\Controllers\conlaporan.php(38): CodeIgniter\Debug\Exceptions->errorHandler(2, 'Undefined prope...', 'C:\\xampp\\htdocs...', 38)
#1 C:\xampp\htdocs\kp_adit\system\CodeIgniter.php(824): App\Controllers\conlaporan->viewkmasuktgl()
#2 C:\xampp\htdocs\kp_adit\system\CodeIgniter.php(410): CodeIgniter\CodeIgniter->runController(Object(App\Controllers\conlaporan))
#3 C:\xampp\htdocs\kp_adit\system\CodeIgniter.php(318): CodeIgniter\CodeIgniter->handleRequest(NULL, Object(Config\Cache), false)
#4 C:\xampp\htdocs\kp_adit\public\index.php(37): CodeIgniter\CodeIgniter->run()
#5 C:\xampp\htdocs\kp_adit\system\Commands\Server\rewrite.php(43): require_once('C:\\xampp\\htdocs...')
#6 {main}
ERROR - 2022-01-28 18:05:49 --> Unknown column 'tanggal' in 'where clause'
CRITICAL - 2022-01-28 18:05:49 --> Call to a member function getResultArray() on bool
#0 C:\xampp\htdocs\kp_adit\app\Controllers\conlaporan.php(44): App\Models\modlaporan->tampilkmasuktgl('2022-01-01', '2022-02-28')
#1 C:\xampp\htdocs\kp_adit\system\CodeIgniter.php(824): App\Controllers\conlaporan->viewkmasuktgl()
#2 C:\xampp\htdocs\kp_adit\system\CodeIgniter.php(410): CodeIgniter\CodeIgniter->runController(Object(App\Controllers\conlaporan))
#3 C:\xampp\htdocs\kp_adit\system\CodeIgniter.php(318): CodeIgniter\CodeIgniter->handleRequest(NULL, Object(Config\Cache), false)
#4 C:\xampp\htdocs\kp_adit\public\index.php(37): CodeIgniter\CodeIgniter->run()
#5 C:\xampp\htdocs\kp_adit\system\Commands\Server\rewrite.php(43): require_once('C:\\xampp\\htdocs...')
#6 {main}
ERROR - 2022-01-28 18:08:44 --> Unknown column 'tanggal' in 'where clause'
CRITICAL - 2022-01-28 18:08:44 --> Call to a member function getResultArray() on bool
#0 C:\xampp\htdocs\kp_adit\app\Controllers\conlaporan.php(44): App\Models\modlaporan->tampilkmasuktgl('2022-01-01', '2022-02-28')
#1 C:\xampp\htdocs\kp_adit\system\CodeIgniter.php(824): App\Controllers\conlaporan->viewkmasuktgl()
#2 C:\xampp\htdocs\kp_adit\system\CodeIgniter.php(410): CodeIgniter\CodeIgniter->runController(Object(App\Controllers\conlaporan))
#3 C:\xampp\htdocs\kp_adit\system\CodeIgniter.php(318): CodeIgniter\CodeIgniter->handleRequest(NULL, Object(Config\Cache), false)
#4 C:\xampp\htdocs\kp_adit\public\index.php(37): CodeIgniter\CodeIgniter->run()
#5 C:\xampp\htdocs\kp_adit\system\Commands\Server\rewrite.php(43): require_once('C:\\xampp\\htdocs...')
#6 {main}
ERROR - 2022-01-28 18:11:57 --> Unknown column 'tanggal' in 'where clause'
CRITICAL - 2022-01-28 18:11:57 --> Call to a member function getResultArray() on bool
#0 C:\xampp\htdocs\kp_adit\app\Controllers\conlaporan.php(44): App\Models\modlaporan->tampilkmasuktgl('2022-01-29', '2022-01-29')
#1 C:\xampp\htdocs\kp_adit\system\CodeIgniter.php(824): App\Controllers\conlaporan->viewkmasuktgl()
#2 C:\xampp\htdocs\kp_adit\system\CodeIgniter.php(410): CodeIgniter\CodeIgniter->runController(Object(App\Controllers\conlaporan))
#3 C:\xampp\htdocs\kp_adit\system\CodeIgniter.php(318): CodeIgniter\CodeIgniter->handleRequest(NULL, Object(Config\Cache), false)
#4 C:\xampp\htdocs\kp_adit\public\index.php(37): CodeIgniter\CodeIgniter->run()
#5 C:\xampp\htdocs\kp_adit\system\Commands\Server\rewrite.php(43): require_once('C:\\xampp\\htdocs...')
#6 {main}
ERROR - 2022-01-28 18:12:06 --> Unknown column 'tanggal' in 'where clause'
CRITICAL - 2022-01-28 18:12:06 --> Call to a member function getResultArray() on bool
#0 C:\xampp\htdocs\kp_adit\app\Controllers\conlaporan.php(44): App\Models\modlaporan->tampilkmasuktgl('2022-01-01', '2022-02-28')
#1 C:\xampp\htdocs\kp_adit\system\CodeIgniter.php(824): App\Controllers\conlaporan->viewkmasuktgl()
#2 C:\xampp\htdocs\kp_adit\system\CodeIgniter.php(410): CodeIgniter\CodeIgniter->runController(Object(App\Controllers\conlaporan))
#3 C:\xampp\htdocs\kp_adit\system\CodeIgniter.php(318): CodeIgniter\CodeIgniter->handleRequest(NULL, Object(Config\Cache), false)
#4 C:\xampp\htdocs\kp_adit\public\index.php(37): CodeIgniter\CodeIgniter->run()
#5 C:\xampp\htdocs\kp_adit\system\Commands\Server\rewrite.php(43): require_once('C:\\xampp\\htdocs...')
#6 {main}
ERROR - 2022-01-28 18:15:02 --> Unknown column 'tanggal' in 'where clause'
CRITICAL - 2022-01-28 18:15:02 --> Call to a member function getResultArray() on bool
#0 C:\xampp\htdocs\kp_adit\app\Controllers\conlaporan.php(44): App\Models\modlaporan->tampilkmasuktgl('2022-01-01', '2022-02-28')
#1 C:\xampp\htdocs\kp_adit\system\CodeIgniter.php(824): App\Controllers\conlaporan->viewkmasuktgl()
#2 C:\xampp\htdocs\kp_adit\system\CodeIgniter.php(410): CodeIgniter\CodeIgniter->runController(Object(App\Controllers\conlaporan))
#3 C:\xampp\htdocs\kp_adit\system\CodeIgniter.php(318): CodeIgniter\CodeIgniter->handleRequest(NULL, Object(Config\Cache), false)
#4 C:\xampp\htdocs\kp_adit\public\index.php(37): CodeIgniter\CodeIgniter->run()
#5 C:\xampp\htdocs\kp_adit\system\Commands\Server\rewrite.php(43): require_once('C:\\xampp\\htdocs...')
#6 {main}
ERROR - 2022-01-28 18:18:19 --> Unknown column 'tanggal' in 'where clause'
CRITICAL - 2022-01-28 18:18:19 --> Call to a member function getResultArray() on bool
#0 C:\xampp\htdocs\kp_adit\app\Controllers\conlaporan.php(44): App\Models\modlaporan->tampilkmasuktgl('2022-01-01', '2022-02-22')
#1 C:\xampp\htdocs\kp_adit\system\CodeIgniter.php(824): App\Controllers\conlaporan->viewkmasuktgl()
#2 C:\xampp\htdocs\kp_adit\system\CodeIgniter.php(410): CodeIgniter\CodeIgniter->runController(Object(App\Controllers\conlaporan))
#3 C:\xampp\htdocs\kp_adit\system\CodeIgniter.php(318): CodeIgniter\CodeIgniter->handleRequest(NULL, Object(Config\Cache), false)
#4 C:\xampp\htdocs\kp_adit\public\index.php(37): CodeIgniter\CodeIgniter->run()
#5 C:\xampp\htdocs\kp_adit\system\Commands\Server\rewrite.php(43): require_once('C:\\xampp\\htdocs...')
#6 {main}
ERROR - 2022-01-28 18:18:49 --> Unknown column 'tanggal' in 'where clause'
CRITICAL - 2022-01-28 18:18:49 --> Call to a member function getResultArray() on bool
#0 C:\xampp\htdocs\kp_adit\app\Controllers\conlaporan.php(44): App\Models\modlaporan->tampilkmasuktgl('2022-01-01', '2022-02-22')
#1 C:\xampp\htdocs\kp_adit\system\CodeIgniter.php(824): App\Controllers\conlaporan->viewkmasuktgl()
#2 C:\xampp\htdocs\kp_adit\system\CodeIgniter.php(410): CodeIgniter\CodeIgniter->runController(Object(App\Controllers\conlaporan))
#3 C:\xampp\htdocs\kp_adit\system\CodeIgniter.php(318): CodeIgniter\CodeIgniter->handleRequest(NULL, Object(Config\Cache), false)
#4 C:\xampp\htdocs\kp_adit\public\index.php(37): CodeIgniter\CodeIgniter->run()
#5 C:\xampp\htdocs\kp_adit\system\Commands\Server\rewrite.php(43): require_once('C:\\xampp\\htdocs...')
#6 {main}
ERROR - 2022-01-28 18:23:50 --> Unknown column 'tanggal' in 'where clause'
CRITICAL - 2022-01-28 18:23:50 --> Call to a member function getResultArray() on bool
#0 C:\xampp\htdocs\kp_adit\app\Controllers\conlaporan.php(44): App\Models\modlaporan->tampilkmasuktgl('2022-01-01', '2022-02-22')
#1 C:\xampp\htdocs\kp_adit\system\CodeIgniter.php(824): App\Controllers\conlaporan->viewkmasuktgl()
#2 C:\xampp\htdocs\kp_adit\system\CodeIgniter.php(410): CodeIgniter\CodeIgniter->runController(Object(App\Controllers\conlaporan))
#3 C:\xampp\htdocs\kp_adit\system\CodeIgniter.php(318): CodeIgniter\CodeIgniter->handleRequest(NULL, Object(Config\Cache), false)
#4 C:\xampp\htdocs\kp_adit\public\index.php(37): CodeIgniter\CodeIgniter->run()
#5 C:\xampp\htdocs\kp_adit\system\Commands\Server\rewrite.php(43): require_once('C:\\xampp\\htdocs...')
#6 {main}
ERROR - 2022-01-28 18:26:00 --> Unknown column 'tanggal' in 'where clause'
CRITICAL - 2022-01-28 18:26:00 --> Invalid file: /laporan/kmasuktgl.php
#0 C:\xampp\htdocs\kp_adit\system\View\View.php(198): CodeIgniter\Exceptions\FrameworkException::forInvalidFile('/laporan/kmasuk...')
#1 C:\xampp\htdocs\kp_adit\system\Common.php(1097): CodeIgniter\View\View->render('/laporan/kmasuk...', Array, true)
#2 C:\xampp\htdocs\kp_adit\app\Controllers\conlaporan.php(50): view('/laporan/kmasuk...', Array)
#3 C:\xampp\htdocs\kp_adit\system\CodeIgniter.php(824): App\Controllers\conlaporan->viewkmasuktgl()
#4 C:\xampp\htdocs\kp_adit\system\CodeIgniter.php(410): CodeIgniter\CodeIgniter->runController(Object(App\Controllers\conlaporan))
#5 C:\xampp\htdocs\kp_adit\system\CodeIgniter.php(318): CodeIgniter\CodeIgniter->handleRequest(NULL, Object(Config\Cache), false)
#6 C:\xampp\htdocs\kp_adit\public\index.php(37): CodeIgniter\CodeIgniter->run()
#7 C:\xampp\htdocs\kp_adit\system\Commands\Server\rewrite.php(43): require_once('C:\\xampp\\htdocs...')
#8 {main}
ERROR - 2022-01-28 18:27:05 --> Unknown column 'tanggal' in 'where clause'
CRITICAL - 2022-01-28 18:27:05 --> foreach() argument must be of type array|object, bool given
#0 C:\xampp\htdocs\kp_adit\app\Views\laporan\kmasuktgl.php(73): CodeIgniter\Debug\Exceptions->errorHandler(2, 'foreach() argum...', 'C:\\xampp\\htdocs...', 73)
#1 C:\xampp\htdocs\kp_adit\system\View\View.php(214): include('C:\\xampp\\htdocs...')
#2 C:\xampp\htdocs\kp_adit\system\View\View.php(217): CodeIgniter\View\View->CodeIgniter\View\{closure}()
#3 C:\xampp\htdocs\kp_adit\system\Common.php(1097): CodeIgniter\View\View->render('/laporan/kmasuk...', Array, true)
#4 C:\xampp\htdocs\kp_adit\app\Controllers\conlaporan.php(50): view('/laporan/kmasuk...', Array)
#5 C:\xampp\htdocs\kp_adit\system\CodeIgniter.php(824): App\Controllers\conlaporan->viewkmasuktgl()
#6 C:\xampp\htdocs\kp_adit\system\CodeIgniter.php(410): CodeIgniter\CodeIgniter->runController(Object(App\Controllers\conlaporan))
#7 C:\xampp\htdocs\kp_adit\system\CodeIgniter.php(318): CodeIgniter\CodeIgniter->handleRequest(NULL, Object(Config\Cache), false)
#8 C:\xampp\htdocs\kp_adit\public\index.php(37): CodeIgniter\CodeIgniter->run()
#9 C:\xampp\htdocs\kp_adit\system\Commands\Server\rewrite.php(43): require_once('C:\\xampp\\htdocs...')
#10 {main}
ERROR - 2022-01-28 18:29:57 --> Unknown column 'tanggal' in 'where clause'
CRITICAL - 2022-01-28 18:29:57 --> Call to a member function getResultArray() on bool
#0 C:\xampp\htdocs\kp_adit\app\Controllers\conlaporan.php(45): App\Models\modlaporan->tampilkmasuktgl('2022-01-01', '2022-02-22')
#1 C:\xampp\htdocs\kp_adit\system\CodeIgniter.php(824): App\Controllers\conlaporan->viewkmasuktgl()
#2 C:\xampp\htdocs\kp_adit\system\CodeIgniter.php(410): CodeIgniter\CodeIgniter->runController(Object(App\Controllers\conlaporan))
#3 C:\xampp\htdocs\kp_adit\system\CodeIgniter.php(318): CodeIgniter\CodeIgniter->handleRequest(NULL, Object(Config\Cache), false)
#4 C:\xampp\htdocs\kp_adit\public\index.php(37): CodeIgniter\CodeIgniter->run()
#5 C:\xampp\htdocs\kp_adit\system\Commands\Server\rewrite.php(43): require_once('C:\\xampp\\htdocs...')
#6 {main}
ERROR - 2022-01-28 18:30:08 --> Unknown column 'tanggal' in 'where clause'
CRITICAL - 2022-01-28 18:30:08 --> Call to a member function getResultArray() on bool
#0 C:\xampp\htdocs\kp_adit\app\Controllers\conlaporan.php(45): App\Models\modlaporan->tampilkmasuktgl('2022-01-08', '2022-01-29')
#1 C:\xampp\htdocs\kp_adit\system\CodeIgniter.php(824): App\Controllers\conlaporan->viewkmasuktgl()
#2 C:\xampp\htdocs\kp_adit\system\CodeIgniter.php(410): CodeIgniter\CodeIgniter->runController(Object(App\Controllers\conlaporan))
#3 C:\xampp\htdocs\kp_adit\system\CodeIgniter.php(318): CodeIgniter\CodeIgniter->handleRequest(NULL, Object(Config\Cache), false)
#4 C:\xampp\htdocs\kp_adit\public\index.php(37): CodeIgniter\CodeIgniter->run()
#5 C:\xampp\htdocs\kp_adit\system\Commands\Server\rewrite.php(43): require_once('C:\\xampp\\htdocs...')
#6 {main}
ERROR - 2022-01-28 18:30:55 --> Unknown column 'tanggal' in 'where clause'
CRITICAL - 2022-01-28 18:34:23 --> Cannot use object of type mysqli as array
#0 C:\xampp\htdocs\kp_adit\system\View\View.php(214): include()
#1 C:\xampp\htdocs\kp_adit\system\View\View.php(217): CodeIgniter\View\View->CodeIgniter\View\{closure}()
#2 C:\xampp\htdocs\kp_adit\system\Common.php(1097): CodeIgniter\View\View->render('/laporan/kmasuk...', Array, true)
#3 C:\xampp\htdocs\kp_adit\app\Controllers\conlaporan.php(50): view('/laporan/kmasuk...', Array)
#4 C:\xampp\htdocs\kp_adit\system\CodeIgniter.php(824): App\Controllers\conlaporan->viewkmasuktgl()
#5 C:\xampp\htdocs\kp_adit\system\CodeIgniter.php(410): CodeIgniter\CodeIgniter->runController(Object(App\Controllers\conlaporan))
#6 C:\xampp\htdocs\kp_adit\system\CodeIgniter.php(318): CodeIgniter\CodeIgniter->handleRequest(NULL, Object(Config\Cache), false)
#7 C:\xampp\htdocs\kp_adit\public\index.php(37): CodeIgniter\CodeIgniter->run()
#8 C:\xampp\htdocs\kp_adit\system\Commands\Server\rewrite.php(43): require_once('C:\\xampp\\htdocs...')
#9 {main}
CRITICAL - 2022-01-28 18:34:45 --> Undefined array key "ukuran"
#0 C:\xampp\htdocs\kp_adit\app\Views\laporan\kmasuktgl.php(76): CodeIgniter\Debug\Exceptions->errorHandler(2, 'Undefined array...', 'C:\\xampp\\htdocs...', 76)
#1 C:\xampp\htdocs\kp_adit\system\View\View.php(214): include('C:\\xampp\\htdocs...')
#2 C:\xampp\htdocs\kp_adit\system\View\View.php(217): CodeIgniter\View\View->CodeIgniter\View\{closure}()
#3 C:\xampp\htdocs\kp_adit\system\Common.php(1097): CodeIgniter\View\View->render('/laporan/kmasuk...', Array, true)
#4 C:\xampp\htdocs\kp_adit\app\Controllers\conlaporan.php(50): view('/laporan/kmasuk...', Array)
#5 C:\xampp\htdocs\kp_adit\system\CodeIgniter.php(824): App\Controllers\conlaporan->viewkmasuktgl()
#6 C:\xampp\htdocs\kp_adit\system\CodeIgniter.php(410): CodeIgniter\CodeIgniter->runController(Object(App\Controllers\conlaporan))
#7 C:\xampp\htdocs\kp_adit\system\CodeIgniter.php(318): CodeIgniter\CodeIgniter->handleRequest(NULL, Object(Config\Cache), false)
#8 C:\xampp\htdocs\kp_adit\public\index.php(37): CodeIgniter\CodeIgniter->run()
#9 C:\xampp\htdocs\kp_adit\system\Commands\Server\rewrite.php(43): require_once('C:\\xampp\\htdocs...')
#10 {main}
CRITICAL - 2022-01-28 18:39:55 --> Undefined array key "totalmasuk"
#0 C:\xampp\htdocs\kp_adit\app\Views\laporan\kmasuktgl.php(77): CodeIgniter\Debug\Exceptions->errorHandler(2, 'Undefined array...', 'C:\\xampp\\htdocs...', 77)
#1 C:\xampp\htdocs\kp_adit\system\View\View.php(214): include('C:\\xampp\\htdocs...')
#2 C:\xampp\htdocs\kp_adit\system\View\View.php(217): CodeIgniter\View\View->CodeIgniter\View\{closure}()
#3 C:\xampp\htdocs\kp_adit\system\Common.php(1097): CodeIgniter\View\View->render('/laporan/kmasuk...', Array, true)
#4 C:\xampp\htdocs\kp_adit\app\Controllers\conlaporan.php(50): view('/laporan/kmasuk...', Array)
#5 C:\xampp\htdocs\kp_adit\system\CodeIgniter.php(824): App\Controllers\conlaporan->viewkmasuktgl()
#6 C:\xampp\htdocs\kp_adit\system\CodeIgniter.php(410): CodeIgniter\CodeIgniter->runController(Object(App\Controllers\conlaporan))
#7 C:\xampp\htdocs\kp_adit\system\CodeIgniter.php(318): CodeIgniter\CodeIgniter->handleRequest(NULL, Object(Config\Cache), false)
#8 C:\xampp\htdocs\kp_adit\public\index.php(37): CodeIgniter\CodeIgniter->run()
#9 C:\xampp\htdocs\kp_adit\system\Commands\Server\rewrite.php(43): require_once('C:\\xampp\\htdocs...')
#10 {main}
CRITICAL - 2022-01-28 18:40:22 --> Undefined array key "totalmasuk"
#0 C:\xampp\htdocs\kp_adit\app\Views\laporan\kmasuktgl.php(77): CodeIgniter\Debug\Exceptions->errorHandler(2, 'Undefined array...', 'C:\\xampp\\htdocs...', 77)
#1 C:\xampp\htdocs\kp_adit\system\View\View.php(214): include('C:\\xampp\\htdocs...')
#2 C:\xampp\htdocs\kp_adit\system\View\View.php(217): CodeIgniter\View\View->CodeIgniter\View\{closure}()
#3 C:\xampp\htdocs\kp_adit\system\Common.php(1097): CodeIgniter\View\View->render('/laporan/kmasuk...', Array, true)
#4 C:\xampp\htdocs\kp_adit\app\Controllers\conlaporan.php(50): view('/laporan/kmasuk...', Array)
#5 C:\xampp\htdocs\kp_adit\system\CodeIgniter.php(824): App\Controllers\conlaporan->viewkmasuktgl()
#6 C:\xampp\htdocs\kp_adit\system\CodeIgniter.php(410): CodeIgniter\CodeIgniter->runController(Object(App\Controllers\conlaporan))
#7 C:\xampp\htdocs\kp_adit\system\CodeIgniter.php(318): CodeIgniter\CodeIgniter->handleRequest(NULL, Object(Config\Cache), false)
#8 C:\xampp\htdocs\kp_adit\public\index.php(37): CodeIgniter\CodeIgniter->run()
#9 C:\xampp\htdocs\kp_adit\system\Commands\Server\rewrite.php(43): require_once('C:\\xampp\\htdocs...')
#10 {main}
CRITICAL - 2022-01-28 19:21:50 --> Cannot use object of type CodeIgniter\Database\MySQLi\Connection as array
#0 C:\xampp\htdocs\kp_adit\system\View\View.php(214): include()
#1 C:\xampp\htdocs\kp_adit\system\View\View.php(217): CodeIgniter\View\View->CodeIgniter\View\{closure}()
#2 C:\xampp\htdocs\kp_adit\system\Common.php(1097): CodeIgniter\View\View->render('/laporan/kmasuk...', Array, true)
#3 C:\xampp\htdocs\kp_adit\app\Controllers\conlaporan.php(51): view('/laporan/kmasuk...', Array)
#4 C:\xampp\htdocs\kp_adit\system\CodeIgniter.php(824): App\Controllers\conlaporan->viewkmasuktgl()
#5 C:\xampp\htdocs\kp_adit\system\CodeIgniter.php(410): CodeIgniter\CodeIgniter->runController(Object(App\Controllers\conlaporan))
#6 C:\xampp\htdocs\kp_adit\system\CodeIgniter.php(318): CodeIgniter\CodeIgniter->handleRequest(NULL, Object(Config\Cache), false)
#7 C:\xampp\htdocs\kp_adit\public\index.php(37): CodeIgniter\CodeIgniter->run()
#8 C:\xampp\htdocs\kp_adit\system\Commands\Server\rewrite.php(43): require_once('C:\\xampp\\htdocs...')
#9 {main}
CRITICAL - 2022-01-28 20:04:34 --> Undefined array key "nama"
#0 C:\xampp\htdocs\kp_adit\app\Views\laporan\kmasuktgl.php(74): CodeIgniter\Debug\Exceptions->errorHandler(2, 'Undefined array...', 'C:\\xampp\\htdocs...', 74)
#1 C:\xampp\htdocs\kp_adit\system\View\View.php(214): include('C:\\xampp\\htdocs...')
#2 C:\xampp\htdocs\kp_adit\system\View\View.php(217): CodeIgniter\View\View->CodeIgniter\View\{closure}()
#3 C:\xampp\htdocs\kp_adit\system\Common.php(1097): CodeIgniter\View\View->render('/laporan/kmasuk...', Array, true)
#4 C:\xampp\htdocs\kp_adit\app\Controllers\conlaporan.php(51): view('/laporan/kmasuk...', Array)
#5 C:\xampp\htdocs\kp_adit\system\CodeIgniter.php(824): App\Controllers\conlaporan->viewkmasuktgl()
#6 C:\xampp\htdocs\kp_adit\system\CodeIgniter.php(410): CodeIgniter\CodeIgniter->runController(Object(App\Controllers\conlaporan))
#7 C:\xampp\htdocs\kp_adit\system\CodeIgniter.php(318): CodeIgniter\CodeIgniter->handleRequest(NULL, Object(Config\Cache), false)
#8 C:\xampp\htdocs\kp_adit\public\index.php(37): CodeIgniter\CodeIgniter->run()
#9 C:\xampp\htdocs\kp_adit\system\Commands\Server\rewrite.php(43): require_once('C:\\xampp\\htdocs...')
#10 {main}
CRITICAL - 2022-01-28 20:04:35 --> Undefined array key "nama"
#0 C:\xampp\htdocs\kp_adit\app\Views\laporan\kmasuktgl.php(74): CodeIgniter\Debug\Exceptions->errorHandler(2, 'Undefined array...', 'C:\\xampp\\htdocs...', 74)
#1 C:\xampp\htdocs\kp_adit\system\View\View.php(214): include('C:\\xampp\\htdocs...')
#2 C:\xampp\htdocs\kp_adit\system\View\View.php(217): CodeIgniter\View\View->CodeIgniter\View\{closure}()
#3 C:\xampp\htdocs\kp_adit\system\Common.php(1097): CodeIgniter\View\View->render('/laporan/kmasuk...', Array, true)
#4 C:\xampp\htdocs\kp_adit\app\Controllers\conlaporan.php(51): view('/laporan/kmasuk...', Array)
#5 C:\xampp\htdocs\kp_adit\system\CodeIgniter.php(824): App\Controllers\conlaporan->viewkmasuktgl()
#6 C:\xampp\htdocs\kp_adit\system\CodeIgniter.php(410): CodeIgniter\CodeIgniter->runController(Object(App\Controllers\conlaporan))
#7 C:\xampp\htdocs\kp_adit\system\CodeIgniter.php(318): CodeIgniter\CodeIgniter->handleRequest(NULL, Object(Config\Cache), false)
#8 C:\xampp\htdocs\kp_adit\public\index.php(37): CodeIgniter\CodeIgniter->run()
#9 C:\xampp\htdocs\kp_adit\system\Commands\Server\rewrite.php(43): require_once('C:\\xampp\\htdocs...')
#10 {main}
