ERROR - 2022-01-11 20:12:24 --> Unknown column 'stok' in 'field list'
ERROR - 2022-01-11 20:16:11 --> Unknown column 'stok' in 'field list'
ERROR - 2022-01-11 20:17:28 --> Unknown column 'stok' in 'field list'
CRITICAL - 2022-01-11 20:20:00 --> Undefined array key "jumlah"
#0 C:\xampp\htdocs\kp_adit\app\Views\barang\produk.php(55): CodeIgniter\Debug\Exceptions->errorHandler(2, 'Undefined array...', 'C:\\xampp\\htdocs...', 55)
#1 C:\xampp\htdocs\kp_adit\system\View\View.php(214): include('C:\\xampp\\htdocs...')
#2 C:\xampp\htdocs\kp_adit\system\View\View.php(217): CodeIgniter\View\View->CodeIgniter\View\{closure}()
#3 C:\xampp\htdocs\kp_adit\system\Common.php(1097): CodeIgniter\View\View->render('/barang/produk', Array, true)
#4 C:\xampp\htdocs\kp_adit\app\Controllers\conmaster.php(107): view('/barang/produk', Array)
#5 C:\xampp\htdocs\kp_adit\system\CodeIgniter.php(824): App\Controllers\conmaster->viewproduk()
#6 C:\xampp\htdocs\kp_adit\system\CodeIgniter.php(410): CodeIgniter\CodeIgniter->runController(Object(App\Controllers\conmaster))
#7 C:\xampp\htdocs\kp_adit\system\CodeIgniter.php(318): CodeIgniter\CodeIgniter->handleRequest(NULL, Object(Config\Cache), false)
#8 C:\xampp\htdocs\kp_adit\public\index.php(37): CodeIgniter\CodeIgniter->run()
#9 C:\xampp\htdocs\kp_adit\system\Commands\Server\rewrite.php(43): require_once('C:\\xampp\\htdocs...')
#10 {main}
CRITICAL - 2022-01-11 20:20:20 --> Undefined array key "jumlah"
#0 C:\xampp\htdocs\kp_adit\app\Views\barang\produk.php(55): CodeIgniter\Debug\Exceptions->errorHandler(2, 'Undefined array...', 'C:\\xampp\\htdocs...', 55)
#1 C:\xampp\htdocs\kp_adit\system\View\View.php(214): include('C:\\xampp\\htdocs...')
#2 C:\xampp\htdocs\kp_adit\system\View\View.php(217): CodeIgniter\View\View->CodeIgniter\View\{closure}()
#3 C:\xampp\htdocs\kp_adit\system\Common.php(1097): CodeIgniter\View\View->render('/barang/produk', Array, true)
#4 C:\xampp\htdocs\kp_adit\app\Controllers\conmaster.php(107): view('/barang/produk', Array)
#5 C:\xampp\htdocs\kp_adit\system\CodeIgniter.php(824): App\Controllers\conmaster->viewproduk()
#6 C:\xampp\htdocs\kp_adit\system\CodeIgniter.php(410): CodeIgniter\CodeIgniter->runController(Object(App\Controllers\conmaster))
#7 C:\xampp\htdocs\kp_adit\system\CodeIgniter.php(318): CodeIgniter\CodeIgniter->handleRequest(NULL, Object(Config\Cache), false)
#8 C:\xampp\htdocs\kp_adit\public\index.php(37): CodeIgniter\CodeIgniter->run()
#9 C:\xampp\htdocs\kp_adit\system\Commands\Server\rewrite.php(43): require_once('C:\\xampp\\htdocs...')
#10 {main}
CRITICAL - 2022-01-11 20:20:22 --> Undefined array key "jumlah"
#0 C:\xampp\htdocs\kp_adit\app\Views\barang\produk.php(55): CodeIgniter\Debug\Exceptions->errorHandler(2, 'Undefined array...', 'C:\\xampp\\htdocs...', 55)
#1 C:\xampp\htdocs\kp_adit\system\View\View.php(214): include('C:\\xampp\\htdocs...')
#2 C:\xampp\htdocs\kp_adit\system\View\View.php(217): CodeIgniter\View\View->CodeIgniter\View\{closure}()
#3 C:\xampp\htdocs\kp_adit\system\Common.php(1097): CodeIgniter\View\View->render('/barang/produk', Array, true)
#4 C:\xampp\htdocs\kp_adit\app\Controllers\conmaster.php(107): view('/barang/produk', Array)
#5 C:\xampp\htdocs\kp_adit\system\CodeIgniter.php(824): App\Controllers\conmaster->viewproduk()
#6 C:\xampp\htdocs\kp_adit\system\CodeIgniter.php(410): CodeIgniter\CodeIgniter->runController(Object(App\Controllers\conmaster))
#7 C:\xampp\htdocs\kp_adit\system\CodeIgniter.php(318): CodeIgniter\CodeIgniter->handleRequest(NULL, Object(Config\Cache), false)
#8 C:\xampp\htdocs\kp_adit\public\index.php(37): CodeIgniter\CodeIgniter->run()
#9 C:\xampp\htdocs\kp_adit\system\Commands\Server\rewrite.php(43): require_once('C:\\xampp\\htdocs...')
#10 {main}
ERROR - 2022-01-11 20:20:58 --> Unknown column 'kwalitas' in 'field list'
ERROR - 2022-01-11 20:21:24 --> Unknown column 'kwalitas' in 'field list'
