ERROR - 2022-01-20 19:13:27 --> Error connecting to the database: No connection could be made because the target machine actively refused it
CRITICAL - 2022-01-20 19:13:27 --> Unable to connect to the database.
Main connection [MySQLi]: No connection could be made because the target machine actively refused it
#0 C:\xampp\htdocs\kp_adit\system\Database\BaseConnection.php(577): CodeIgniter\Database\BaseConnection->initialize()
#1 C:\xampp\htdocs\kp_adit\system\Database\BaseBuilder.php(1527): CodeIgniter\Database\BaseConnection->query('SELECT COUNT(*)...', Array, false)
#2 C:\xampp\htdocs\kp_adit\app\Models\modlogin.php(16): CodeIgniter\Database\BaseBuilder->countAllResults()
#3 C:\xampp\htdocs\kp_adit\app\Controllers\conlogin.php(42): App\Models\modlogin->ceklogin(Array, Array)
#4 C:\xampp\htdocs\kp_adit\system\CodeIgniter.php(824): App\Controllers\conlogin->ceklogin()
#5 C:\xampp\htdocs\kp_adit\system\CodeIgniter.php(410): CodeIgniter\CodeIgniter->runController(Object(App\Controllers\conlogin))
#6 C:\xampp\htdocs\kp_adit\system\CodeIgniter.php(318): CodeIgniter\CodeIgniter->handleRequest(NULL, Object(Config\Cache), false)
#7 C:\xampp\htdocs\kp_adit\public\index.php(37): CodeIgniter\CodeIgniter->run()
#8 C:\xampp\htdocs\kp_adit\system\Commands\Server\rewrite.php(43): require_once('C:\\xampp\\htdocs...')
#9 {main}
ERROR - 2022-01-20 19:15:19 --> Cannot delete or update a parent row: a foreign key constraint fails (`kayu`.`det_kayu_masuk`, CONSTRAINT `det_kayu_masuk_ibfk_2` FOREIGN KEY (`id_kayu`) REFERENCES `kayu` (`id_kayu`))
ERROR - 2022-01-20 19:26:11 --> Cannot delete or update a parent row: a foreign key constraint fails (`kayu`.`det_kayu_masuk`, CONSTRAINT `det_kayu_masuk_ibfk_2` FOREIGN KEY (`id_kayu`) REFERENCES `kayu` (`id_kayu`))
ERROR - 2022-01-20 19:28:10 --> Cannot delete or update a parent row: a foreign key constraint fails (`kayu`.`det_kayu_masuk`, CONSTRAINT `det_kayu_masuk_ibfk_2` FOREIGN KEY (`id_kayu`) REFERENCES `kayu` (`id_kayu`))
ERROR - 2022-01-20 19:28:52 --> Cannot delete or update a parent row: a foreign key constraint fails (`kayu`.`det_kayu_masuk`, CONSTRAINT `det_kayu_masuk_ibfk_2` FOREIGN KEY (`id_kayu`) REFERENCES `kayu` (`id_kayu`))
ERROR - 2022-01-20 19:31:37 --> Cannot delete or update a parent row: a foreign key constraint fails (`kayu`.`det_kayu_masuk`, CONSTRAINT `det_kayu_masuk_ibfk_2` FOREIGN KEY (`id_kayu`) REFERENCES `kayu` (`id_kayu`))
ERROR - 2022-01-20 19:31:45 --> Cannot delete or update a parent row: a foreign key constraint fails (`kayu`.`det_kayu_masuk`, CONSTRAINT `det_kayu_masuk_ibfk_2` FOREIGN KEY (`id_kayu`) REFERENCES `kayu` (`id_kayu`))
ERROR - 2022-01-20 19:31:51 --> Cannot delete or update a parent row: a foreign key constraint fails (`kayu`.`det_kayu_masuk`, CONSTRAINT `det_kayu_masuk_ibfk_2` FOREIGN KEY (`id_kayu`) REFERENCES `kayu` (`id_kayu`))
ERROR - 2022-01-20 19:35:03 --> Cannot delete or update a parent row: a foreign key constraint fails (`kayu`.`det_kayu_masuk`, CONSTRAINT `det_kayu_masuk_ibfk_2` FOREIGN KEY (`id_kayu`) REFERENCES `kayu` (`id_kayu`))
ERROR - 2022-01-20 19:35:48 --> Cannot delete or update a parent row: a foreign key constraint fails (`kayu`.`det_kayu_masuk`, CONSTRAINT `det_kayu_masuk_ibfk_2` FOREIGN KEY (`id_kayu`) REFERENCES `kayu` (`id_kayu`))
ERROR - 2022-01-20 20:01:10 --> Unknown column 'status' in 'where clause'
CRITICAL - 2022-01-20 20:01:10 --> Call to a member function getResultArray() on bool
#0 C:\xampp\htdocs\kp_adit\app\Controllers\conkayukeluar.php(44): App\Models\modkkeluar->tampildump()
#1 C:\xampp\htdocs\kp_adit\system\CodeIgniter.php(824): App\Controllers\conkayukeluar->viewdraft()
#2 C:\xampp\htdocs\kp_adit\system\CodeIgniter.php(410): CodeIgniter\CodeIgniter->runController(Object(App\Controllers\conkayukeluar))
#3 C:\xampp\htdocs\kp_adit\system\CodeIgniter.php(318): CodeIgniter\CodeIgniter->handleRequest(NULL, Object(Config\Cache), false)
#4 C:\xampp\htdocs\kp_adit\public\index.php(37): CodeIgniter\CodeIgniter->run()
#5 C:\xampp\htdocs\kp_adit\system\Commands\Server\rewrite.php(43): require_once('C:\\xampp\\htdocs...')
#6 {main}
ERROR - 2022-01-20 20:01:35 --> Unknown column 'status' in 'where clause'
CRITICAL - 2022-01-20 20:01:35 --> Call to a member function getResultArray() on bool
#0 C:\xampp\htdocs\kp_adit\app\Controllers\conkayukeluar.php(44): App\Models\modkkeluar->tampildump()
#1 C:\xampp\htdocs\kp_adit\system\CodeIgniter.php(824): App\Controllers\conkayukeluar->viewdraft()
#2 C:\xampp\htdocs\kp_adit\system\CodeIgniter.php(410): CodeIgniter\CodeIgniter->runController(Object(App\Controllers\conkayukeluar))
#3 C:\xampp\htdocs\kp_adit\system\CodeIgniter.php(318): CodeIgniter\CodeIgniter->handleRequest(NULL, Object(Config\Cache), false)
#4 C:\xampp\htdocs\kp_adit\public\index.php(37): CodeIgniter\CodeIgniter->run()
#5 C:\xampp\htdocs\kp_adit\system\Commands\Server\rewrite.php(43): require_once('C:\\xampp\\htdocs...')
#6 {main}
ERROR - 2022-01-20 20:01:50 --> Unknown column 'status' in 'where clause'
CRITICAL - 2022-01-20 20:01:50 --> Call to a member function getResultArray() on bool
#0 C:\xampp\htdocs\kp_adit\app\Controllers\conkayukeluar.php(44): App\Models\modkkeluar->tampildump()
#1 C:\xampp\htdocs\kp_adit\system\CodeIgniter.php(824): App\Controllers\conkayukeluar->viewdraft()
#2 C:\xampp\htdocs\kp_adit\system\CodeIgniter.php(410): CodeIgniter\CodeIgniter->runController(Object(App\Controllers\conkayukeluar))
#3 C:\xampp\htdocs\kp_adit\system\CodeIgniter.php(318): CodeIgniter\CodeIgniter->handleRequest(NULL, Object(Config\Cache), false)
#4 C:\xampp\htdocs\kp_adit\public\index.php(37): CodeIgniter\CodeIgniter->run()
#5 C:\xampp\htdocs\kp_adit\system\Commands\Server\rewrite.php(43): require_once('C:\\xampp\\htdocs...')
#6 {main}
